Determining if the pthread_create exist failed with the following output:
Change Dir: /var/local/Heron/lib/vn.ctp/build/CMakeFiles/CMakeTmp

Run Build Command:"/usr/bin/make" "cmTC_35d29/fast"
/usr/bin/make -f CMakeFiles/cmTC_35d29.dir/build.make CMakeFiles/cmTC_35d29.dir/build
make[1]: Entering directory '/vagrant/Work/www/meiquant/Heron/lib/vn.ctp/build/CMakeFiles/CMakeTmp'
Building C object CMakeFiles/cmTC_35d29.dir/CheckSymbolExists.c.o
/usr/bin/cc     -o CMakeFiles/cmTC_35d29.dir/CheckSymbolExists.c.o   -c /var/local/Heron/lib/vn.ctp/build/CMakeFiles/CMakeTmp/CheckSymbolExists.c
Linking C executable cmTC_35d29
/usr/bin/cmake -E cmake_link_script CMakeFiles/cmTC_35d29.dir/link.txt --verbose=1
/usr/bin/cc       CMakeFiles/cmTC_35d29.dir/CheckSymbolExists.c.o  -o cmTC_35d29 -rdynamic 
CMakeFiles/cmTC_35d29.dir/CheckSymbolExists.c.o: In function `main':
CheckSymbolExists.c:(.text+0x16): undefined reference to `pthread_create'
collect2: error: ld returned 1 exit status
CMakeFiles/cmTC_35d29.dir/build.make:97: recipe for target 'cmTC_35d29' failed
make[1]: *** [cmTC_35d29] Error 1
make[1]: Leaving directory '/vagrant/Work/www/meiquant/Heron/lib/vn.ctp/build/CMakeFiles/CMakeTmp'
Makefile:126: recipe for target 'cmTC_35d29/fast' failed
make: *** [cmTC_35d29/fast] Error 2

File /var/local/Heron/lib/vn.ctp/build/CMakeFiles/CMakeTmp/CheckSymbolExists.c:
/* */
#include <pthread.h>

int main(int argc, char** argv)
{
  (void)argv;
#ifndef pthread_create
  return ((int*)(&pthread_create))[argc];
#else
  (void)argc;
  return 0;
#endif
}

Determining if the function pthread_create exists in the pthreads failed with the following output:
Change Dir: /var/local/Heron/lib/vn.ctp/build/CMakeFiles/CMakeTmp

Run Build Command:"/usr/bin/make" "cmTC_6459a/fast"
/usr/bin/make -f CMakeFiles/cmTC_6459a.dir/build.make CMakeFiles/cmTC_6459a.dir/build
make[1]: Entering directory '/vagrant/Work/www/meiquant/Heron/lib/vn.ctp/build/CMakeFiles/CMakeTmp'
Building C object CMakeFiles/cmTC_6459a.dir/CheckFunctionExists.c.o
/usr/bin/cc    -DCHECK_FUNCTION_EXISTS=pthread_create   -o CMakeFiles/cmTC_6459a.dir/CheckFunctionExists.c.o   -c /usr/share/cmake-3.5/Modules/CheckFunctionExists.c
Linking C executable cmTC_6459a
/usr/bin/cmake -E cmake_link_script CMakeFiles/cmTC_6459a.dir/link.txt --verbose=1
/usr/bin/cc   -DCHECK_FUNCTION_EXISTS=pthread_create    CMakeFiles/cmTC_6459a.dir/CheckFunctionExists.c.o  -o cmTC_6459a -rdynamic -lpthreads 
/usr/bin/ld: cannot find -lpthreads
collect2: error: ld returned 1 exit status
CMakeFiles/cmTC_6459a.dir/build.make:97: recipe for target 'cmTC_6459a' failed
make[1]: *** [cmTC_6459a] Error 1
make[1]: Leaving directory '/vagrant/Work/www/meiquant/Heron/lib/vn.ctp/build/CMakeFiles/CMakeTmp'
Makefile:126: recipe for target 'cmTC_6459a/fast' failed
make: *** [cmTC_6459a/fast] Error 2


